27-Oct-2022 15:32:02.012 情報 [main] org.apache.catalina.startup.VersionLoggerListener.log Serverのバージョン名：Apache Tomcat/8.5.55
27-Oct-2022 15:32:02.018 情報 [main] org.apache.catalina.startup.VersionLoggerListener.log Server ビルド:          May 5 2020 22:10:54 UTC
27-Oct-2022 15:32:02.018 情報 [main] org.apache.catalina.startup.VersionLoggerListener.log サーバーのバージョン番号：8.5.55.0
27-Oct-2022 15:32:02.019 情報 [main] org.apache.catalina.startup.VersionLoggerListener.log OS 名:               Linux
27-Oct-2022 15:32:02.019 情報 [main] org.apache.catalina.startup.VersionLoggerListener.log OS バージョン:            5.10.102.1-microsoft-standard-WSL2
27-Oct-2022 15:32:02.019 情報 [main] org.apache.catalina.startup.VersionLoggerListener.log アーキテクチャ:          amd64
27-Oct-2022 15:32:02.019 情報 [main] org.apache.catalina.startup.VersionLoggerListener.log Java Home:             /usr/lib/jvm/java-11-openjdk-amd64
27-Oct-2022 15:32:02.019 情報 [main] org.apache.catalina.startup.VersionLoggerListener.log JVM バージョン:           11.0.16+8-post-Ubuntu-0ubuntu118.04
27-Oct-2022 15:32:02.019 情報 [main] org.apache.catalina.startup.VersionLoggerListener.log JVM ベンダ：            Ubuntu
27-Oct-2022 15:32:02.020 情報 [main] org.apache.catalina.startup.VersionLoggerListener.log CATALINA_BASE:         /home/rikuto/apache-tomcat-8.5.55
27-Oct-2022 15:32:02.020 情報 [main] org.apache.catalina.startup.VersionLoggerListener.log CATALINA_HOME:         /home/rikuto/apache-tomcat-8.5.55
27-Oct-2022 15:32:02.021 情報 [main] org.apache.catalina.startup.VersionLoggerListener.log コマンドライン引数：--add-opens=java.base/java.lang=ALL-UNNAMED
27-Oct-2022 15:32:02.021 情報 [main] org.apache.catalina.startup.VersionLoggerListener.log コマンドライン引数：--add-opens=java.base/java.io=ALL-UNNAMED
27-Oct-2022 15:32:02.021 情報 [main] org.apache.catalina.startup.VersionLoggerListener.log コマンドライン引数：--add-opens=java.rmi/sun.rmi.transport=ALL-UNNAMED
27-Oct-2022 15:32:02.021 情報 [main] org.apache.catalina.startup.VersionLoggerListener.log コマンドライン引数：-Djava.util.logging.config.file=/home/rikuto/apache-tomcat-8.5.55/conf/logging.properties
27-Oct-2022 15:32:02.022 情報 [main] org.apache.catalina.startup.VersionLoggerListener.log コマンドライン引数：-Djava.util.logging.manager=org.apache.juli.ClassLoaderLogManager
27-Oct-2022 15:32:02.022 情報 [main] org.apache.catalina.startup.VersionLoggerListener.log コマンドライン引数：-Djdk.tls.ephemeralDHKeySize=2048
27-Oct-2022 15:32:02.022 情報 [main] org.apache.catalina.startup.VersionLoggerListener.log コマンドライン引数：-Djava.protocol.handler.pkgs=org.apache.catalina.webresources
27-Oct-2022 15:32:02.022 情報 [main] org.apache.catalina.startup.VersionLoggerListener.log コマンドライン引数：-Dorg.apache.catalina.security.SecurityListener.UMASK=0027
27-Oct-2022 15:32:02.022 情報 [main] org.apache.catalina.startup.VersionLoggerListener.log コマンドライン引数：-Dignore.endorsed.dirs=
27-Oct-2022 15:32:02.022 情報 [main] org.apache.catalina.startup.VersionLoggerListener.log コマンドライン引数：-Dcatalina.base=/home/rikuto/apache-tomcat-8.5.55
27-Oct-2022 15:32:02.022 情報 [main] org.apache.catalina.startup.VersionLoggerListener.log コマンドライン引数：-Dcatalina.home=/home/rikuto/apache-tomcat-8.5.55
27-Oct-2022 15:32:02.022 情報 [main] org.apache.catalina.startup.VersionLoggerListener.log コマンドライン引数：-Djava.io.tmpdir=/home/rikuto/apache-tomcat-8.5.55/temp
27-Oct-2022 15:32:02.022 情報 [main] org.apache.catalina.core.AprLifecycleListener.lifecycleEvent 商用環境に最適な性能を発揮する APR ベースの Tomcat ネイティブライブラリが java.library.path [/usr/java/packages/lib:/usr/lib/x86_64-linux-gnu/jni:/lib/x86_64-linux-gnu:/usr/lib/x86_64-linux-gnu:/usr/lib/jni:/lib:/usr/lib] に存在しません。
27-Oct-2022 15:32:02.071 情報 [main] org.apache.coyote.AbstractProtocol.init プロトコルハンドラ ["http-nio-8180"] を初期化します。
27-Oct-2022 15:32:02.078 情報 [main] org.apache.tomcat.util.net.NioSelectorPool.getSharedSelector Using a shared selector for servlet write/read
27-Oct-2022 15:32:02.090 情報 [main] org.apache.catalina.startup.Catalina.load Initialization processed in 499 ms
27-Oct-2022 15:32:02.131 情報 [main] org.apache.catalina.core.StandardService.startInternal サービス [Catalina] を起動します
27-Oct-2022 15:32:02.131 情報 [main] org.apache.catalina.core.StandardEngine.startInternal Starting Servlet Engine: Apache Tomcat/8.5.55
27-Oct-2022 15:32:02.152 情報 [localhost-startStop-1] org.apache.catalina.startup.HostConfig.deployDirectory Webアプリケーションディレクトリ [/home/rikuto/apache-tomcat-8.5.55/webapps/manager] を配備します
27-Oct-2022 15:32:09.360 情報 [localhost-startStop-1] org.apache.jasper.servlet.TldScanner.scanJars 少なくとも1つのJARが、まだTLDを含んでいないTLDについてスキャンされました。 スキャンしたが、そこにTLDが見つからなかったJARの完全なリストについては、このロガーのデバッグログを有効にしてください。 スキャン中に不要なJARをスキップすると、起動時間とJSPのコンパイル時間が改善されます。
27-Oct-2022 15:32:09.398 情報 [localhost-startStop-1] org.apache.catalina.startup.HostConfig.deployDirectory ディレクトリ [/home/rikuto/apache-tomcat-8.5.55/webapps/manager] の Web アプリケーションの配備は [7,244] ms で完了しました。
27-Oct-2022 15:32:09.399 情報 [localhost-startStop-1] org.apache.catalina.startup.HostConfig.deployDirectory Webアプリケーションディレクトリ [/home/rikuto/apache-tomcat-8.5.55/webapps/examples] を配備します
27-Oct-2022 15:32:16.032 情報 [localhost-startStop-1] org.apache.jasper.servlet.TldScanner.scanJars 少なくとも1つのJARが、まだTLDを含んでいないTLDについてスキャンされました。 スキャンしたが、そこにTLDが見つからなかったJARの完全なリストについては、このロガーのデバッグログを有効にしてください。 スキャン中に不要なJARをスキップすると、起動時間とJSPのコンパイル時間が改善されます。
27-Oct-2022 15:32:16.191 情報 [localhost-startStop-1] org.apache.catalina.startup.HostConfig.deployDirectory ディレクトリ [/home/rikuto/apache-tomcat-8.5.55/webapps/examples] の Web アプリケーションの配備は [6,792] ms で完了しました。
27-Oct-2022 15:32:16.191 情報 [localhost-startStop-1] org.apache.catalina.startup.HostConfig.deployDirectory Webアプリケーションディレクトリ [/home/rikuto/apache-tomcat-8.5.55/webapps/docs] を配備します
27-Oct-2022 15:32:22.022 情報 [localhost-startStop-1] org.apache.jasper.servlet.TldScanner.scanJars 少なくとも1つのJARが、まだTLDを含んでいないTLDについてスキャンされました。 スキャンしたが、そこにTLDが見つからなかったJARの完全なリストについては、このロガーのデバッグログを有効にしてください。 スキャン中に不要なJARをスキップすると、起動時間とJSPのコンパイル時間が改善されます。
27-Oct-2022 15:32:22.024 情報 [localhost-startStop-1] org.apache.catalina.startup.HostConfig.deployDirectory ディレクトリ [/home/rikuto/apache-tomcat-8.5.55/webapps/docs] の Web アプリケーションの配備は [5,833] ms で完了しました。
27-Oct-2022 15:32:22.024 情報 [localhost-startStop-1] org.apache.catalina.startup.HostConfig.deployDirectory Webアプリケーションディレクトリ [/home/rikuto/apache-tomcat-8.5.55/webapps/ROOT] を配備します
27-Oct-2022 15:32:27.866 情報 [localhost-startStop-1] org.apache.jasper.servlet.TldScanner.scanJars 少なくとも1つのJARが、まだTLDを含んでいないTLDについてスキャンされました。 スキャンしたが、そこにTLDが見つからなかったJARの完全なリストについては、このロガーのデバッグログを有効にしてください。 スキャン中に不要なJARをスキップすると、起動時間とJSPのコンパイル時間が改善されます。
27-Oct-2022 15:32:27.868 情報 [localhost-startStop-1] org.apache.catalina.startup.HostConfig.deployDirectory ディレクトリ [/home/rikuto/apache-tomcat-8.5.55/webapps/ROOT] の Web アプリケーションの配備は [5,843] ms で完了しました。
27-Oct-2022 15:32:27.868 情報 [localhost-startStop-1] org.apache.catalina.startup.HostConfig.deployDirectory Webアプリケーションディレクトリ [/home/rikuto/apache-tomcat-8.5.55/webapps/host-manager] を配備します
27-Oct-2022 15:32:33.651 情報 [localhost-startStop-1] org.apache.jasper.servlet.TldScanner.scanJars 少なくとも1つのJARが、まだTLDを含んでいないTLDについてスキャンされました。 スキャンしたが、そこにTLDが見つからなかったJARの完全なリストについては、このロガーのデバッグログを有効にしてください。 スキャン中に不要なJARをスキップすると、起動時間とJSPのコンパイル時間が改善されます。
27-Oct-2022 15:32:33.653 情報 [localhost-startStop-1] org.apache.catalina.startup.HostConfig.deployDirectory ディレクトリ [/home/rikuto/apache-tomcat-8.5.55/webapps/host-manager] の Web アプリケーションの配備は [5,785] ms で完了しました。
27-Oct-2022 15:32:33.660 情報 [main] org.apache.coyote.AbstractProtocol.start プロトコルハンドラー ["http-nio-8180"] を開始しました。
27-Oct-2022 15:32:33.673 情報 [main] org.apache.catalina.startup.Catalina.start Server startup in 31583 ms
