19-Oct-2022 21:18:00.558 警告 [main] org.apache.tomcat.util.digester.Digester.endElement   No rules found matching 'Server/Service/Connector/Engine/Realm/Realm'.
19-Oct-2022 21:18:00.564 警告 [main] org.apache.tomcat.util.digester.Digester.endElement   No rules found matching 'Server/Service/Connector/Engine/Realm'.
19-Oct-2022 21:18:00.565 警告 [main] org.apache.tomcat.util.digester.Digester.endElement   No rules found matching 'Server/Service/Connector/Engine/Host/Valve'.
19-Oct-2022 21:18:00.566 警告 [main] org.apache.tomcat.util.digester.Digester.endElement   No rules found matching 'Server/Service/Connector/Engine/Host'.
19-Oct-2022 21:18:00.566 警告 [main] org.apache.tomcat.util.digester.Digester.endElement   No rules found matching 'Server/Service/Connector/Engine'.
19-Oct-2022 21:18:00.575 重大 [main] org.apache.tomcat.util.digester.Digester.fatalError Parse Fatal Error at line 171 column 5: 要素タイプ"Connector"は、対応する終了タグ"</Connector>"で終了する必要があります。
	org.xml.sax.SAXParseException; systemId: file:/home/rikuto/apache-tomcat-8.5.55/conf/server.xml; lineNumber: 171; columnNumber: 5; 要素タイプ"Connector"は、対応する終了タグ"</Connector>"で終了する必要があります。
		at java.xml/com.sun.org.apache.xerces.internal.util.ErrorHandlerWrapper.createSAXParseException(ErrorHandlerWrapper.java:204)
		at java.xml/com.sun.org.apache.xerces.internal.util.ErrorHandlerWrapper.fatalError(ErrorHandlerWrapper.java:178)
		at java.xml/com.sun.org.apache.xerces.internal.impl.XMLErrorReporter.reportError(XMLErrorReporter.java:400)
		at java.xml/com.sun.org.apache.xerces.internal.impl.XMLErrorReporter.reportError(XMLErrorReporter.java:327)
		at java.xml/com.sun.org.apache.xerces.internal.impl.XMLScanner.reportFatalError(XMLScanner.java:1465)
		at java.xml/com.sun.org.apache.xerces.internal.impl.XMLDocumentFragmentScannerImpl.scanEndElement(XMLDocumentFragmentScannerImpl.java:1685)
		at java.xml/com.sun.org.apache.xerces.internal.impl.XMLDocumentFragmentScannerImpl$FragmentContentDriver.next(XMLDocumentFragmentScannerImpl.java:2883)
		at java.xml/com.sun.org.apache.xerces.internal.impl.XMLDocumentScannerImpl.next(XMLDocumentScannerImpl.java:605)
		at java.xml/com.sun.org.apache.xerces.internal.impl.XMLDocumentFragmentScannerImpl.scanDocument(XMLDocumentFragmentScannerImpl.java:534)
		at java.xml/com.sun.org.apache.xerces.internal.parsers.XML11Configuration.parse(XML11Configuration.java:888)
		at java.xml/com.sun.org.apache.xerces.internal.parsers.XML11Configuration.parse(XML11Configuration.java:824)
		at java.xml/com.sun.org.apache.xerces.internal.parsers.XMLParser.parse(XMLParser.java:141)
		at java.xml/com.sun.org.apache.xerces.internal.parsers.AbstractSAXParser.parse(AbstractSAXParser.java:1216)
		at java.xml/com.sun.org.apache.xerces.internal.jaxp.SAXParserImpl$JAXPSAXParser.parse(SAXParserImpl.java:635)
		at org.apache.tomcat.util.digester.Digester.parse(Digester.java:1512)
		at org.apache.catalina.startup.Catalina.load(Catalina.java:611)
		at org.apache.catalina.startup.Catalina.load(Catalina.java:662)
		at java.base/jdk.internal.reflect.NativeMethodAccessorImpl.invoke0(Native Method)
		at java.base/jdk.internal.reflect.NativeMethodAccessorImpl.invoke(NativeMethodAccessorImpl.java:62)
		at java.base/jdk.internal.reflect.DelegatingMethodAccessorImpl.invoke(DelegatingMethodAccessorImpl.java:43)
		at java.base/java.lang.reflect.Method.invoke(Method.java:566)
		at org.apache.catalina.startup.Bootstrap.load(Bootstrap.java:303)
		at org.apache.catalina.startup.Bootstrap.main(Bootstrap.java:473)
19-Oct-2022 21:18:00.576 警告 [main] org.apache.catalina.startup.Catalina.load Catalina.start using conf/server.xml: 要素タイプ"Connector"は、対応する終了タグ"</Connector>"で終了する必要があります。
19-Oct-2022 21:18:00.576 重大 [main] org.apache.catalina.startup.Catalina.start Cannot start server. Server instance is not configured.
19-Oct-2022 22:40:18.349 警告 [main] org.apache.tomcat.util.digester.Digester.endElement   No rules found matching 'Server/Service/Connector/Engine/Realm/Realm'.
19-Oct-2022 22:40:18.354 警告 [main] org.apache.tomcat.util.digester.Digester.endElement   No rules found matching 'Server/Service/Connector/Engine/Realm'.
19-Oct-2022 22:40:18.355 警告 [main] org.apache.tomcat.util.digester.Digester.endElement   No rules found matching 'Server/Service/Connector/Engine/Host/Valve'.
19-Oct-2022 22:40:18.355 警告 [main] org.apache.tomcat.util.digester.Digester.endElement   No rules found matching 'Server/Service/Connector/Engine/Host'.
19-Oct-2022 22:40:18.355 警告 [main] org.apache.tomcat.util.digester.Digester.endElement   No rules found matching 'Server/Service/Connector/Engine'.
19-Oct-2022 22:40:18.363 重大 [main] org.apache.tomcat.util.digester.Digester.fatalError Parse Fatal Error at line 171 column 5: 要素タイプ"Connector"は、対応する終了タグ"</Connector>"で終了する必要があります。
	org.xml.sax.SAXParseException; systemId: file:/home/rikuto/apache-tomcat-8.5.55/conf/server.xml; lineNumber: 171; columnNumber: 5; 要素タイプ"Connector"は、対応する終了タグ"</Connector>"で終了する必要があります。
		at java.xml/com.sun.org.apache.xerces.internal.util.ErrorHandlerWrapper.createSAXParseException(ErrorHandlerWrapper.java:204)
		at java.xml/com.sun.org.apache.xerces.internal.util.ErrorHandlerWrapper.fatalError(ErrorHandlerWrapper.java:178)
		at java.xml/com.sun.org.apache.xerces.internal.impl.XMLErrorReporter.reportError(XMLErrorReporter.java:400)
		at java.xml/com.sun.org.apache.xerces.internal.impl.XMLErrorReporter.reportError(XMLErrorReporter.java:327)
		at java.xml/com.sun.org.apache.xerces.internal.impl.XMLScanner.reportFatalError(XMLScanner.java:1465)
		at java.xml/com.sun.org.apache.xerces.internal.impl.XMLDocumentFragmentScannerImpl.scanEndElement(XMLDocumentFragmentScannerImpl.java:1685)
		at java.xml/com.sun.org.apache.xerces.internal.impl.XMLDocumentFragmentScannerImpl$FragmentContentDriver.next(XMLDocumentFragmentScannerImpl.java:2883)
		at java.xml/com.sun.org.apache.xerces.internal.impl.XMLDocumentScannerImpl.next(XMLDocumentScannerImpl.java:605)
		at java.xml/com.sun.org.apache.xerces.internal.impl.XMLDocumentFragmentScannerImpl.scanDocument(XMLDocumentFragmentScannerImpl.java:534)
		at java.xml/com.sun.org.apache.xerces.internal.parsers.XML11Configuration.parse(XML11Configuration.java:888)
		at java.xml/com.sun.org.apache.xerces.internal.parsers.XML11Configuration.parse(XML11Configuration.java:824)
		at java.xml/com.sun.org.apache.xerces.internal.parsers.XMLParser.parse(XMLParser.java:141)
		at java.xml/com.sun.org.apache.xerces.internal.parsers.AbstractSAXParser.parse(AbstractSAXParser.java:1216)
		at java.xml/com.sun.org.apache.xerces.internal.jaxp.SAXParserImpl$JAXPSAXParser.parse(SAXParserImpl.java:635)
		at org.apache.tomcat.util.digester.Digester.parse(Digester.java:1512)
		at org.apache.catalina.startup.Catalina.load(Catalina.java:611)
		at org.apache.catalina.startup.Catalina.load(Catalina.java:662)
		at java.base/jdk.internal.reflect.NativeMethodAccessorImpl.invoke0(Native Method)
		at java.base/jdk.internal.reflect.NativeMethodAccessorImpl.invoke(NativeMethodAccessorImpl.java:62)
		at java.base/jdk.internal.reflect.DelegatingMethodAccessorImpl.invoke(DelegatingMethodAccessorImpl.java:43)
		at java.base/java.lang.reflect.Method.invoke(Method.java:566)
		at org.apache.catalina.startup.Bootstrap.load(Bootstrap.java:303)
		at org.apache.catalina.startup.Bootstrap.main(Bootstrap.java:473)
19-Oct-2022 22:40:18.364 警告 [main] org.apache.catalina.startup.Catalina.load Catalina.start using conf/server.xml: 要素タイプ"Connector"は、対応する終了タグ"</Connector>"で終了する必要があります。
19-Oct-2022 22:40:18.364 重大 [main] org.apache.catalina.startup.Catalina.start Cannot start server. Server instance is not configured.
19-Oct-2022 22:42:46.302 情報 [main] org.apache.catalina.startup.VersionLoggerListener.log Serverのバージョン名：Apache Tomcat/8.5.55
19-Oct-2022 22:42:46.332 情報 [main] org.apache.catalina.startup.VersionLoggerListener.log Server ビルド:          May 5 2020 22:10:54 UTC
19-Oct-2022 22:42:46.332 情報 [main] org.apache.catalina.startup.VersionLoggerListener.log サーバーのバージョン番号：8.5.55.0
19-Oct-2022 22:42:46.332 情報 [main] org.apache.catalina.startup.VersionLoggerListener.log OS 名:               Linux
19-Oct-2022 22:42:46.333 情報 [main] org.apache.catalina.startup.VersionLoggerListener.log OS バージョン:            5.10.16.3-microsoft-standard-WSL2
19-Oct-2022 22:42:46.335 情報 [main] org.apache.catalina.startup.VersionLoggerListener.log アーキテクチャ:          amd64
19-Oct-2022 22:42:46.335 情報 [main] org.apache.catalina.startup.VersionLoggerListener.log Java Home:             /usr/lib/jvm/java-11-openjdk-amd64
19-Oct-2022 22:42:46.335 情報 [main] org.apache.catalina.startup.VersionLoggerListener.log JVM バージョン:           11.0.15+10-Ubuntu-0ubuntu0.18.04.1
19-Oct-2022 22:42:46.335 情報 [main] org.apache.catalina.startup.VersionLoggerListener.log JVM ベンダ：            Private Build
19-Oct-2022 22:42:46.335 情報 [main] org.apache.catalina.startup.VersionLoggerListener.log CATALINA_BASE:         /home/rikuto/apache-tomcat-8.5.55
19-Oct-2022 22:42:46.335 情報 [main] org.apache.catalina.startup.VersionLoggerListener.log CATALINA_HOME:         /home/rikuto/apache-tomcat-8.5.55
19-Oct-2022 22:42:46.337 情報 [main] org.apache.catalina.startup.VersionLoggerListener.log コマンドライン引数：--add-opens=java.base/java.lang=ALL-UNNAMED
19-Oct-2022 22:42:46.337 情報 [main] org.apache.catalina.startup.VersionLoggerListener.log コマンドライン引数：--add-opens=java.base/java.io=ALL-UNNAMED
19-Oct-2022 22:42:46.338 情報 [main] org.apache.catalina.startup.VersionLoggerListener.log コマンドライン引数：--add-opens=java.rmi/sun.rmi.transport=ALL-UNNAMED
19-Oct-2022 22:42:46.338 情報 [main] org.apache.catalina.startup.VersionLoggerListener.log コマンドライン引数：-Djava.util.logging.config.file=/home/rikuto/apache-tomcat-8.5.55/conf/logging.properties
19-Oct-2022 22:42:46.338 情報 [main] org.apache.catalina.startup.VersionLoggerListener.log コマンドライン引数：-Djava.util.logging.manager=org.apache.juli.ClassLoaderLogManager
19-Oct-2022 22:42:46.338 情報 [main] org.apache.catalina.startup.VersionLoggerListener.log コマンドライン引数：-Djdk.tls.ephemeralDHKeySize=2048
19-Oct-2022 22:42:46.338 情報 [main] org.apache.catalina.startup.VersionLoggerListener.log コマンドライン引数：-Djava.protocol.handler.pkgs=org.apache.catalina.webresources
19-Oct-2022 22:42:46.338 情報 [main] org.apache.catalina.startup.VersionLoggerListener.log コマンドライン引数：-Dorg.apache.catalina.security.SecurityListener.UMASK=0027
19-Oct-2022 22:42:46.338 情報 [main] org.apache.catalina.startup.VersionLoggerListener.log コマンドライン引数：-Dignore.endorsed.dirs=
19-Oct-2022 22:42:46.339 情報 [main] org.apache.catalina.startup.VersionLoggerListener.log コマンドライン引数：-Dcatalina.base=/home/rikuto/apache-tomcat-8.5.55
19-Oct-2022 22:42:46.339 情報 [main] org.apache.catalina.startup.VersionLoggerListener.log コマンドライン引数：-Dcatalina.home=/home/rikuto/apache-tomcat-8.5.55
19-Oct-2022 22:42:46.339 情報 [main] org.apache.catalina.startup.VersionLoggerListener.log コマンドライン引数：-Djava.io.tmpdir=/home/rikuto/apache-tomcat-8.5.55/temp
19-Oct-2022 22:42:46.339 情報 [main] org.apache.catalina.core.AprLifecycleListener.lifecycleEvent 商用環境に最適な性能を発揮する APR ベースの Tomcat ネイティブライブラリが java.library.path [/usr/java/packages/lib:/usr/lib/x86_64-linux-gnu/jni:/lib/x86_64-linux-gnu:/usr/lib/x86_64-linux-gnu:/usr/lib/jni:/lib:/usr/lib] に存在しません。
19-Oct-2022 22:42:46.366 情報 [main] org.apache.coyote.AbstractProtocol.init プロトコルハンドラ ["http-nio-8180"] を初期化します。
19-Oct-2022 22:42:46.373 情報 [main] org.apache.tomcat.util.net.NioSelectorPool.getSharedSelector Using a shared selector for servlet write/read
19-Oct-2022 22:42:46.383 情報 [main] org.apache.catalina.startup.Catalina.load Initialization processed in 433 ms
19-Oct-2022 22:42:46.427 情報 [main] org.apache.catalina.core.StandardService.startInternal サービス [Catalina] を起動します
19-Oct-2022 22:42:46.427 情報 [main] org.apache.catalina.core.StandardEngine.startInternal Starting Servlet Engine: Apache Tomcat/8.5.55
19-Oct-2022 22:42:46.440 情報 [localhost-startStop-1] org.apache.catalina.startup.HostConfig.deployDirectory Webアプリケーションディレクトリ [/home/rikuto/apache-tomcat-8.5.55/webapps/manager] を配備します
19-Oct-2022 22:42:46.643 情報 [localhost-startStop-1] org.apache.catalina.startup.HostConfig.deployDirectory ディレクトリ [/home/rikuto/apache-tomcat-8.5.55/webapps/manager] の Web アプリケーションの配備は [201] ms で完了しました。
19-Oct-2022 22:42:46.643 情報 [localhost-startStop-1] org.apache.catalina.startup.HostConfig.deployDirectory Webアプリケーションディレクトリ [/home/rikuto/apache-tomcat-8.5.55/webapps/examples] を配備します
19-Oct-2022 22:42:46.799 情報 [localhost-startStop-1] org.apache.catalina.startup.HostConfig.deployDirectory ディレクトリ [/home/rikuto/apache-tomcat-8.5.55/webapps/examples] の Web アプリケーションの配備は [156] ms で完了しました。
19-Oct-2022 22:42:46.800 情報 [localhost-startStop-1] org.apache.catalina.startup.HostConfig.deployDirectory Webアプリケーションディレクトリ [/home/rikuto/apache-tomcat-8.5.55/webapps/docs] を配備します
19-Oct-2022 22:42:46.812 情報 [localhost-startStop-1] org.apache.catalina.startup.HostConfig.deployDirectory ディレクトリ [/home/rikuto/apache-tomcat-8.5.55/webapps/docs] の Web アプリケーションの配備は [12] ms で完了しました。
19-Oct-2022 22:42:46.813 情報 [localhost-startStop-1] org.apache.catalina.startup.HostConfig.deployDirectory Webアプリケーションディレクトリ [/home/rikuto/apache-tomcat-8.5.55/webapps/ROOT] を配備します
19-Oct-2022 22:42:46.825 情報 [localhost-startStop-1] org.apache.catalina.startup.HostConfig.deployDirectory ディレクトリ [/home/rikuto/apache-tomcat-8.5.55/webapps/ROOT] の Web アプリケーションの配備は [13] ms で完了しました。
19-Oct-2022 22:42:46.825 情報 [localhost-startStop-1] org.apache.catalina.startup.HostConfig.deployDirectory Webアプリケーションディレクトリ [/home/rikuto/apache-tomcat-8.5.55/webapps/host-manager] を配備します
19-Oct-2022 22:42:46.839 情報 [localhost-startStop-1] org.apache.catalina.startup.HostConfig.deployDirectory ディレクトリ [/home/rikuto/apache-tomcat-8.5.55/webapps/host-manager] の Web アプリケーションの配備は [13] ms で完了しました。
19-Oct-2022 22:42:46.845 情報 [main] org.apache.coyote.AbstractProtocol.start プロトコルハンドラー ["http-nio-8180"] を開始しました。
19-Oct-2022 22:42:46.853 情報 [main] org.apache.catalina.startup.Catalina.start Server startup in 469 ms
19-Oct-2022 23:16:52.338 情報 [main] org.apache.catalina.core.StandardServer.await 有効なシャットダウンコマンドがシャットダウンポート経由で受信されました。 サーバーインスタンスを停止します。
19-Oct-2022 23:16:52.339 情報 [main] org.apache.coyote.AbstractProtocol.pause ProtocolHandler ["http-nio-8180"] を一時停止します。
19-Oct-2022 23:16:52.346 情報 [main] org.apache.catalina.core.StandardService.stopInternal サービス [Catalina] を停止します
19-Oct-2022 23:16:52.392 情報 [main] org.apache.coyote.AbstractProtocol.stop ProtocolHandler ["http-nio-8180"]の停止中
19-Oct-2022 23:16:52.395 情報 [main] org.apache.coyote.AbstractProtocol.destroy ProtocolHandler ["http-nio-8180"] を破棄します。
