23-Oct-2022 11:31:09.232 情報 [main] org.apache.catalina.startup.VersionLoggerListener.log Serverのバージョン名：Apache Tomcat/8.5.55
23-Oct-2022 11:31:09.237 情報 [main] org.apache.catalina.startup.VersionLoggerListener.log Server ビルド:          May 5 2020 22:10:54 UTC
23-Oct-2022 11:31:09.238 情報 [main] org.apache.catalina.startup.VersionLoggerListener.log サーバーのバージョン番号：8.5.55.0
23-Oct-2022 11:31:09.238 情報 [main] org.apache.catalina.startup.VersionLoggerListener.log OS 名:               Linux
23-Oct-2022 11:31:09.239 情報 [main] org.apache.catalina.startup.VersionLoggerListener.log OS バージョン:            5.10.16.3-microsoft-standard-WSL2
23-Oct-2022 11:31:09.239 情報 [main] org.apache.catalina.startup.VersionLoggerListener.log アーキテクチャ:          amd64
23-Oct-2022 11:31:09.239 情報 [main] org.apache.catalina.startup.VersionLoggerListener.log Java Home:             /usr/lib/jvm/java-11-openjdk-amd64
23-Oct-2022 11:31:09.239 情報 [main] org.apache.catalina.startup.VersionLoggerListener.log JVM バージョン:           11.0.15+10-Ubuntu-0ubuntu0.18.04.1
23-Oct-2022 11:31:09.239 情報 [main] org.apache.catalina.startup.VersionLoggerListener.log JVM ベンダ：            Private Build
23-Oct-2022 11:31:09.240 情報 [main] org.apache.catalina.startup.VersionLoggerListener.log CATALINA_BASE:         /home/rikuto/apache-tomcat-8.5.55
23-Oct-2022 11:31:09.240 情報 [main] org.apache.catalina.startup.VersionLoggerListener.log CATALINA_HOME:         /home/rikuto/apache-tomcat-8.5.55
23-Oct-2022 11:31:09.241 情報 [main] org.apache.catalina.startup.VersionLoggerListener.log コマンドライン引数：--add-opens=java.base/java.lang=ALL-UNNAMED
23-Oct-2022 11:31:09.242 情報 [main] org.apache.catalina.startup.VersionLoggerListener.log コマンドライン引数：--add-opens=java.base/java.io=ALL-UNNAMED
23-Oct-2022 11:31:09.242 情報 [main] org.apache.catalina.startup.VersionLoggerListener.log コマンドライン引数：--add-opens=java.rmi/sun.rmi.transport=ALL-UNNAMED
23-Oct-2022 11:31:09.242 情報 [main] org.apache.catalina.startup.VersionLoggerListener.log コマンドライン引数：-Djava.util.logging.config.file=/home/rikuto/apache-tomcat-8.5.55/conf/logging.properties
23-Oct-2022 11:31:09.242 情報 [main] org.apache.catalina.startup.VersionLoggerListener.log コマンドライン引数：-Djava.util.logging.manager=org.apache.juli.ClassLoaderLogManager
23-Oct-2022 11:31:09.242 情報 [main] org.apache.catalina.startup.VersionLoggerListener.log コマンドライン引数：-Djdk.tls.ephemeralDHKeySize=2048
23-Oct-2022 11:31:09.242 情報 [main] org.apache.catalina.startup.VersionLoggerListener.log コマンドライン引数：-Djava.protocol.handler.pkgs=org.apache.catalina.webresources
23-Oct-2022 11:31:09.243 情報 [main] org.apache.catalina.startup.VersionLoggerListener.log コマンドライン引数：-Dorg.apache.catalina.security.SecurityListener.UMASK=0027
23-Oct-2022 11:31:09.243 情報 [main] org.apache.catalina.startup.VersionLoggerListener.log コマンドライン引数：-Dignore.endorsed.dirs=
23-Oct-2022 11:31:09.243 情報 [main] org.apache.catalina.startup.VersionLoggerListener.log コマンドライン引数：-Dcatalina.base=/home/rikuto/apache-tomcat-8.5.55
23-Oct-2022 11:31:09.243 情報 [main] org.apache.catalina.startup.VersionLoggerListener.log コマンドライン引数：-Dcatalina.home=/home/rikuto/apache-tomcat-8.5.55
23-Oct-2022 11:31:09.243 情報 [main] org.apache.catalina.startup.VersionLoggerListener.log コマンドライン引数：-Djava.io.tmpdir=/home/rikuto/apache-tomcat-8.5.55/temp
23-Oct-2022 11:31:09.243 情報 [main] org.apache.catalina.core.AprLifecycleListener.lifecycleEvent 商用環境に最適な性能を発揮する APR ベースの Tomcat ネイティブライブラリが java.library.path [/usr/java/packages/lib:/usr/lib/x86_64-linux-gnu/jni:/lib/x86_64-linux-gnu:/usr/lib/x86_64-linux-gnu:/usr/lib/jni:/lib:/usr/lib] に存在しません。
23-Oct-2022 11:31:09.293 情報 [main] org.apache.coyote.AbstractProtocol.init プロトコルハンドラ ["http-nio-8180"] を初期化します。
23-Oct-2022 11:31:09.302 情報 [main] org.apache.tomcat.util.net.NioSelectorPool.getSharedSelector Using a shared selector for servlet write/read
23-Oct-2022 11:31:09.312 情報 [main] org.apache.catalina.startup.Catalina.load Initialization processed in 584 ms
23-Oct-2022 11:31:09.362 情報 [main] org.apache.catalina.core.StandardService.startInternal サービス [Catalina] を起動します
23-Oct-2022 11:31:09.363 情報 [main] org.apache.catalina.core.StandardEngine.startInternal Starting Servlet Engine: Apache Tomcat/8.5.55
23-Oct-2022 11:31:09.379 情報 [localhost-startStop-1] org.apache.catalina.startup.HostConfig.deployDirectory Webアプリケーションディレクトリ [/home/rikuto/apache-tomcat-8.5.55/webapps/manager] を配備します
23-Oct-2022 11:31:16.676 情報 [localhost-startStop-1] org.apache.jasper.servlet.TldScanner.scanJars 少なくとも1つのJARが、まだTLDを含んでいないTLDについてスキャンされました。 スキャンしたが、そこにTLDが見つからなかったJARの完全なリストについては、このロガーのデバッグログを有効にしてください。 スキャン中に不要なJARをスキップすると、起動時間とJSPのコンパイル時間が改善されます。
23-Oct-2022 11:31:16.716 情報 [localhost-startStop-1] org.apache.catalina.startup.HostConfig.deployDirectory ディレクトリ [/home/rikuto/apache-tomcat-8.5.55/webapps/manager] の Web アプリケーションの配備は [7,336] ms で完了しました。
23-Oct-2022 11:31:16.716 情報 [localhost-startStop-1] org.apache.catalina.startup.HostConfig.deployDirectory Webアプリケーションディレクトリ [/home/rikuto/apache-tomcat-8.5.55/webapps/examples] を配備します
23-Oct-2022 11:31:23.614 情報 [localhost-startStop-1] org.apache.jasper.servlet.TldScanner.scanJars 少なくとも1つのJARが、まだTLDを含んでいないTLDについてスキャンされました。 スキャンしたが、そこにTLDが見つからなかったJARの完全なリストについては、このロガーのデバッグログを有効にしてください。 スキャン中に不要なJARをスキップすると、起動時間とJSPのコンパイル時間が改善されます。
23-Oct-2022 11:31:23.803 情報 [localhost-startStop-1] org.apache.catalina.startup.HostConfig.deployDirectory ディレクトリ [/home/rikuto/apache-tomcat-8.5.55/webapps/examples] の Web アプリケーションの配備は [7,087] ms で完了しました。
23-Oct-2022 11:31:23.804 情報 [localhost-startStop-1] org.apache.catalina.startup.HostConfig.deployDirectory Webアプリケーションディレクトリ [/home/rikuto/apache-tomcat-8.5.55/webapps/docs] を配備します
23-Oct-2022 11:31:30.045 情報 [localhost-startStop-1] org.apache.jasper.servlet.TldScanner.scanJars 少なくとも1つのJARが、まだTLDを含んでいないTLDについてスキャンされました。 スキャンしたが、そこにTLDが見つからなかったJARの完全なリストについては、このロガーのデバッグログを有効にしてください。 スキャン中に不要なJARをスキップすると、起動時間とJSPのコンパイル時間が改善されます。
23-Oct-2022 11:31:30.046 情報 [localhost-startStop-1] org.apache.catalina.startup.HostConfig.deployDirectory ディレクトリ [/home/rikuto/apache-tomcat-8.5.55/webapps/docs] の Web アプリケーションの配備は [6,242] ms で完了しました。
23-Oct-2022 11:31:30.047 情報 [localhost-startStop-1] org.apache.catalina.startup.HostConfig.deployDirectory Webアプリケーションディレクトリ [/home/rikuto/apache-tomcat-8.5.55/webapps/ROOT] を配備します
23-Oct-2022 11:31:36.103 情報 [localhost-startStop-1] org.apache.jasper.servlet.TldScanner.scanJars 少なくとも1つのJARが、まだTLDを含んでいないTLDについてスキャンされました。 スキャンしたが、そこにTLDが見つからなかったJARの完全なリストについては、このロガーのデバッグログを有効にしてください。 スキャン中に不要なJARをスキップすると、起動時間とJSPのコンパイル時間が改善されます。
23-Oct-2022 11:31:36.105 情報 [localhost-startStop-1] org.apache.catalina.startup.HostConfig.deployDirectory ディレクトリ [/home/rikuto/apache-tomcat-8.5.55/webapps/ROOT] の Web アプリケーションの配備は [6,058] ms で完了しました。
23-Oct-2022 11:31:36.105 情報 [localhost-startStop-1] org.apache.catalina.startup.HostConfig.deployDirectory Webアプリケーションディレクトリ [/home/rikuto/apache-tomcat-8.5.55/webapps/host-manager] を配備します
23-Oct-2022 11:31:42.671 情報 [localhost-startStop-1] org.apache.jasper.servlet.TldScanner.scanJars 少なくとも1つのJARが、まだTLDを含んでいないTLDについてスキャンされました。 スキャンしたが、そこにTLDが見つからなかったJARの完全なリストについては、このロガーのデバッグログを有効にしてください。 スキャン中に不要なJARをスキップすると、起動時間とJSPのコンパイル時間が改善されます。
23-Oct-2022 11:31:42.673 情報 [localhost-startStop-1] org.apache.catalina.startup.HostConfig.deployDirectory ディレクトリ [/home/rikuto/apache-tomcat-8.5.55/webapps/host-manager] の Web アプリケーションの配備は [6,568] ms で完了しました。
23-Oct-2022 11:31:42.680 情報 [main] org.apache.coyote.AbstractProtocol.start プロトコルハンドラー ["http-nio-8180"] を開始しました。
23-Oct-2022 11:31:42.695 情報 [main] org.apache.catalina.startup.Catalina.start Server startup in 33382 ms
