2022-11-04 00:21:42,784 WARN  [org.keycloak.services] (default task-16) KC-SERVICES0091: Request is missing scope 'openid' so it's not treated as OIDC, but just pure OAuth2 request.
2022-11-04 00:22:10,970 WARN  [org.keycloak.events] (default task-16) type=LOGIN_ERROR, realmId=demo-api, clientId=demo-client, userId=2d7b5316-fd62-4b23-a821-c431177e6f36, ipAddress=127.0.0.1, error=invalid_user_credentials, auth_method=openid-connect, auth_type=code, redirect_uri=http://localhost:8081/gettoken, code_id=e3c0b2a3-aff7-45c3-a0f2-e519f3ac5d74, username=user-api, authSessionParentId=e3c0b2a3-aff7-45c3-a0f2-e519f3ac5d74, authSessionTabId=YIt748MuQnI
2022-11-04 01:02:21,147 INFO  [org.jboss.as.server] (Thread-1) WFLYSRV0272: Suspending server
2022-11-04 01:02:21,148 INFO  [org.jboss.as.ejb3] (Thread-1) WFLYEJB0493: Jakarta Enterprise Beans subsystem suspension complete
2022-11-04 01:02:21,155 INFO  [org.jboss.as.server] (Thread-1) WFLYSRV0220: Server shutdown has been requested via an OS signal
2022-11-04 01:02:21,163 INFO  [org.wildfly.extension.undertow] (ServerService Thread Pool -- 2) WFLYUT0022: Unregistered web context: '/auth' from server 'default-server'
2022-11-04 01:02:21,207 INFO  [org.jboss.as.connector.subsystems.datasources] (MSC service thread 1-2) WFLYJCA0010: Unbound data source [java:jboss/datasources/KeycloakDS]
2022-11-04 01:02:21,208 INFO  [org.jboss.as.mail.extension] (MSC service thread 1-2) WFLYMAIL0002: Unbound mail session [java:jboss/mail/Default]
2022-11-04 01:02:21,209 INFO  [org.wildfly.extension.undertow] (MSC service thread 1-1) WFLYUT0019: Host default-host stopping
2022-11-04 01:02:21,214 INFO  [org.wildfly.extension.undertow] (MSC service thread 1-1) WFLYUT0008: Undertow HTTPS listener https suspending
2022-11-04 01:02:21,215 INFO  [org.wildfly.extension.undertow] (MSC service thread 1-1) WFLYUT0007: Undertow HTTPS listener https stopped, was bound to 127.0.0.1:8443
2022-11-04 01:02:21,227 INFO  [org.jboss.as.connector.subsystems.datasources] (MSC service thread 1-1) WFLYJCA0010: Unbound data source [java:jboss/datasources/ExampleDS]
2022-11-04 01:02:21,239 INFO  [org.jboss.as.clustering.infinispan] (ServerService Thread Pool -- 67) WFLYCLINF0003: Stopped actionTokens cache from keycloak container
2022-11-04 01:02:21,241 INFO  [org.jboss.as.clustering.infinispan] (ServerService Thread Pool -- 68) WFLYCLINF0003: Stopped authorization cache from keycloak container
2022-11-04 01:02:21,242 INFO  [org.jboss.as.clustering.infinispan] (ServerService Thread Pool -- 67) WFLYCLINF0003: Stopped clientSessions cache from keycloak container
2022-11-04 01:02:21,242 INFO  [org.jboss.as.clustering.infinispan] (ServerService Thread Pool -- 66) WFLYCLINF0003: Stopped loginFailures cache from keycloak container
2022-11-04 01:02:21,243 INFO  [org.jboss.as.clustering.infinispan] (ServerService Thread Pool -- 68) WFLYCLINF0003: Stopped sessions cache from keycloak container
2022-11-04 01:02:21,245 INFO  [org.jboss.as.clustering.infinispan] (ServerService Thread Pool -- 66) WFLYCLINF0003: Stopped work cache from keycloak container
2022-11-04 01:02:21,246 INFO  [org.jboss.as.clustering.infinispan] (ServerService Thread Pool -- 2) WFLYCLINF0003: Stopped offlineSessions cache from keycloak container
2022-11-04 01:02:21,246 INFO  [org.jboss.as.clustering.infinispan] (ServerService Thread Pool -- 68) WFLYCLINF0003: Stopped keys cache from keycloak container
2022-11-04 01:02:21,247 INFO  [org.jboss.as.clustering.infinispan] (ServerService Thread Pool -- 2) WFLYCLINF0003: Stopped offlineClientSessions cache from keycloak container
2022-11-04 01:02:21,248 INFO  [org.jboss.as.connector.deployers.jdbc] (MSC service thread 1-2) WFLYJCA0019: Stopped Driver service with driver-name = h2
2022-11-04 01:02:21,252 INFO  [org.jboss.as.clustering.infinispan] (ServerService Thread Pool -- 67) WFLYCLINF0003: Stopped users cache from keycloak container
2022-11-04 01:02:21,257 INFO  [org.wildfly.extension.undertow] (MSC service thread 1-2) WFLYUT0008: Undertow HTTP listener default suspending
2022-11-04 01:02:21,258 INFO  [org.jboss.as.clustering.infinispan] (ServerService Thread Pool -- 69) WFLYCLINF0003: Stopped authenticationSessions cache from keycloak container
2022-11-04 01:02:21,261 INFO  [org.jboss.as.clustering.infinispan] (ServerService Thread Pool -- 66) WFLYCLINF0003: Stopped realms cache from keycloak container
2022-11-04 01:02:21,260 INFO  [org.wildfly.extension.undertow] (MSC service thread 1-2) WFLYUT0007: Undertow HTTP listener default stopped, was bound to 127.0.0.1:8080
2022-11-04 01:02:21,261 INFO  [org.jboss.as.server.deployment] (MSC service thread 1-1) WFLYSRV0028: Stopped deployment keycloak-server.war (runtime-name: keycloak-server.war) in 82ms
2022-11-04 01:02:21,264 INFO  [org.infinispan.manager.DefaultCacheManager] (ServerService Thread Pool -- 66) Stopping cache manager null on null
2022-11-04 01:02:21,279 INFO  [org.wildfly.extension.undertow] (MSC service thread 1-1) WFLYUT0004: Undertow 2.2.5.Final stopping
2022-11-04 01:02:21,543 INFO  [org.jboss.as.clustering.infinispan] (ServerService Thread Pool -- 67) WFLYCLINF0003: Stopped http-remoting-connector cache from ejb container
2022-11-04 01:02:21,546 INFO  [org.infinispan.manager.DefaultCacheManager] (ServerService Thread Pool -- 66) Stopping cache manager null on null
2022-11-04 01:02:21,552 INFO  [org.jboss.as] (MSC service thread 1-1) WFLYSRV0050: Keycloak 15.0.2 (WildFly Core 15.0.1.Final) stopped in 373ms
